RUN	computerdatabase.ComputerDatabaseSimulation	computerdatabasesimulation	1683091991737	sample run	3.9.3
USER	Admins	START	1683091994253
USER	Users	START	1683091994253
USER	Users	START	1683091995202
USER	Users	START	1683091996221
REQUEST		Home	1683091995200	1683091996838	OK	 
REQUEST		Home	1683091994229	1683091996838	OK	 
REQUEST		Home	1683091994229	1683091996838	OK	 
USER	Users	START	1683091997185
REQUEST		Home Redirect 1	1683091996855	1683091997273	OK	 
REQUEST		Home Redirect 1	1683091996857	1683091997273	OK	 
REQUEST		Home Redirect 1	1683091996855	1683091997541	OK	 
REQUEST		Home	1683091996218	1683091997855	OK	 
REQUEST		Home	1683091997183	1683091997855	OK	 
USER	Users	START	1683091998184
REQUEST		Home Redirect 1	1683091997856	1683091998251	OK	 
REQUEST		Home Redirect 1	1683091997856	1683091998254	OK	 
REQUEST		Home	1683091998182	1683091998815	OK	 
REQUEST		Search	1683091998348	1683091998738	OK	 
REQUEST		Search	1683091998348	1683091998735	OK	 
REQUEST		Search	1683091998571	1683091999044	OK	 
USER	Users	START	1683091999190
USER	Admins	START	1683091999193
REQUEST		Home Redirect 1	1683091998815	1683091999227	OK	 
REQUEST		Search	1683091999258	1683091999701	OK	 
REQUEST		Search	1683091999258	1683091999707	OK	 
USER	Users	START	1683092000193
REQUEST		Select	1683091999860	1683092000249	OK	 
REQUEST		Select	1683091999858	1683092000255	OK	 
REQUEST		Select	1683092000071	1683092000460	OK	 
REQUEST		Search	1683092000238	1683092000615	OK	 
REQUEST		Home	1683091999189	1683092000779	OK	 
REQUEST		Home	1683091999189	1683092000812	OK	 
REQUEST		Home	1683092000191	1683092000816	OK	 
REQUEST		Select	1683092000730	1683092001135	OK	 
REQUEST		Home Redirect 1	1683092000781	1683092001161	OK	 
USER	Users	START	1683092001193
REQUEST		Home Redirect 1	1683092000813	1683092001196	OK	 
REQUEST		Select	1683092000728	1683092001381	OK	 
REQUEST		Page 0	1683092001268	1683092001739	OK	 
REQUEST		Page 0	1683092001268	1683092001741	OK	 
REQUEST		Home	1683092001191	1683092001819	OK	 
REQUEST		Select	1683092001629	1683092002054	OK	 
REQUEST		Home Redirect 1	1683092000816	1683092002162	OK	 
USER	Users	START	1683092002195
REQUEST		Home Redirect 1	1683092001820	1683092002200	OK	 
REQUEST		Page 0	1683092002146	1683092002523	OK	 
REQUEST		Search	1683092002177	1683092002560	OK	 
REQUEST		Search	1683092002208	1683092002589	OK	 
REQUEST		Page 0	1683092001476	1683092002768	OK	 
REQUEST		Page 0	1683092002390	1683092002779	OK	 
REQUEST		Home	1683092002193	1683092002862	OK	 
REQUEST		Page 1	1683092002749	1683092003186	OK	 
USER	Users	START	1683092003195
REQUEST		Home Redirect 1	1683092002863	1683092003240	OK	 
REQUEST		Page 0	1683092003070	1683092003450	OK	 
REQUEST		Page 1	1683092002749	1683092003473	OK	 
REQUEST		Search	1683092003179	1683092003562	OK	 
REQUEST		Search	1683092003210	1683092003573	OK	 
REQUEST		Home	1683092003194	1683092003815	OK	 
REQUEST		Page 1	1683092003534	1683092003916	OK	 
REQUEST		Select	1683092003574	1683092003953	OK	 
REQUEST		Select	1683092003606	1683092003983	OK	 
REQUEST		Page 1	1683092003782	1683092004167	OK	 
REQUEST		Page 1	1683092003782	1683092004171	OK	 
REQUEST		Home Redirect 1	1683092003816	1683092004198	OK	 
REQUEST		Page 2	1683092004198	1683092004571	OK	 
REQUEST		Search	1683092004253	1683092004637	OK	 
REQUEST		Page 1	1683092004453	1683092004833	OK	 
REQUEST		Page 2	1683092004484	1683092004873	OK	 
REQUEST		Select	1683092004577	1683092004945	OK	 
REQUEST		Select	1683092004577	1683092004958	OK	 
REQUEST		Page 2	1683092004923	1683092005307	OK	 
REQUEST		Page 0	1683092004980	1683092005360	OK	 
REQUEST		Page 0	1683092004996	1683092005374	OK	 
REQUEST		Page 2	1683092005185	1683092005593	OK	 
REQUEST		Search	1683092005202	1683092005593	OK	 
REQUEST		Page 2	1683092005170	1683092005594	OK	 
REQUEST		Page 3	1683092005586	1683092005975	OK	 
REQUEST		Select	1683092005655	1683092006039	OK	 
REQUEST		Page 2	1683092005840	1683092006219	OK	 
REQUEST		Page 3	1683092005886	1683092006269	OK	 
REQUEST		Page 0	1683092005955	1683092006335	OK	 
REQUEST		Page 0	1683092005971	1683092006350	OK	 
REQUEST		Page 3	1683092006321	1683092006701	OK	 
REQUEST		Page 1	1683092006372	1683092006752	OK	 
REQUEST		Page 1	1683092006388	1683092006765	OK	 
REQUEST		Page 3	1683092006603	1683092006995	OK	 
REQUEST		Select	1683092006603	1683092006995	OK	 
REQUEST		Page 3	1683092006603	1683092006995	OK	 
USER	Users	END	1683092007280
REQUEST		Form	1683092006990	1683092007378	OK	 
REQUEST		Page 0	1683092007043	1683092007425	OK	 
REQUEST		Page 3	1683092007222	1683092007600	OK	 
USER	Users	END	1683092007710
REQUEST		Page 1	1683092007344	1683092007725	OK	 
REQUEST		Page 1	1683092007359	1683092007737	OK	 
USER	Users	END	1683092008010
USER	Users	END	1683092008010
REQUEST		Page 2	1683092007761	1683092008139	OK	 
REQUEST		Page 2	1683092007776	1683092008152	OK	 
REQUEST		Page 0	1683092008008	1683092008404	OK	 
USER	Users	END	1683092008615
REQUEST		Post	1683092008407	1683092008791	OK	 
REQUEST		Page 1	1683092008445	1683092008822	OK	 
REQUEST		Page 2	1683092008746	1683092009128	OK	 
REQUEST		Page 2	1683092008746	1683092009130	OK	 
REQUEST		Post Redirect 1	1683092008804	1683092009176	OK	 
USER	Admins	END	1683092009182
REQUEST		Page 3	1683092009147	1683092009527	OK	 
REQUEST		Page 3	1683092009164	1683092009541	OK	 
REQUEST		Page 1	1683092009411	1683092009837	OK	 
REQUEST		Page 2	1683092009849	1683092010226	OK	 
REQUEST		Page 3	1683092010150	1683092010517	OK	 
REQUEST		Page 3	1683092010150	1683092010531	OK	 
USER	Users	END	1683092010551
REQUEST		Form	1683092010550	1683092010930	OK	 
REQUEST		Page 2	1683092010851	1683092011215	OK	 
USER	Users	END	1683092011534
USER	Users	END	1683092011535
REQUEST		Page 3	1683092011231	1683092011608	OK	 
REQUEST		Post	1683092011954	1683092012396	OK	 
REQUEST		Page 3	1683092012218	1683092012600	OK	 
USER	Users	END	1683092012610
REQUEST		Post Redirect 1	1683092012396	1683092012804	KO	status.find.is(201), but actually found 200
REQUEST		Form	1683092012809	1683092013229	OK	 
USER	Users	END	1683092013646
REQUEST		Post	1683092014245	1683092014752	OK	 
REQUEST		Post Redirect 1	1683092014753	1683092015137	KO	status.find.is(201), but actually found 200
USER	Admins	END	1683092015138
