RUN	ParabankParaSoftAccount	parabankparasoftaccount	1683100776692	login with incorrect password	3.9.3
USER	ParabankParaSoftAccount	START	1683100779506
REQUEST		LoginRequest	1683100779497	1683100780996	OK	 
REQUEST		template.css;jsessionid=0ECEF353952A2BF80289CF4F9ADFC652	1683100781050	1683100781526	OK	 
REQUEST		request_1	1683100781539	1683100781968	OK	 
REQUEST		header-main.jpg;jsessionid=0ECEF353952A2BF80289CF4F9ADFC652	1683100781052	1683100782055	OK	 
REQUEST		request_2	1683100781970	1683100782077	OK	 
REQUEST		request_3	1683100782055	1683100782164	OK	 
REQUEST		request_4	1683100782077	1683100782172	OK	 
REQUEST		logo.gif;jsessionid=0ECEF353952A2BF80289CF4F9ADFC652	1683100781052	1683100782244	OK	 
REQUEST		clear.gif;jsessionid=0ECEF353952A2BF80289CF4F9ADFC652	1683100781052	1683100782247	OK	 
REQUEST		request_5	1683100782164	1683100782259	OK	 
REQUEST		request_6	1683100782173	1683100782285	OK	 
REQUEST		style.css;jsessionid=0ECEF353952A2BF80289CF4F9ADFC652	1683100781051	1683100782288	OK	 
REQUEST		request_8	1683100782247	1683100782353	OK	 
REQUEST		request_9	1683100782260	1683100782356	OK	 
REQUEST		request_7	1683100782246	1683100782361	OK	 
REQUEST		request_10	1683100782286	1683100782390	OK	 
REQUEST		request_11	1683100782289	1683100782392	OK	 
REQUEST		request_12	1683100782354	1683100782460	OK	 
REQUEST		request_13	1683100782356	1683100782462	OK	 
REQUEST		request_14	1683100782362	1683100782464	OK	 
REQUEST		request_16	1683100782392	1683100782493	OK	 
REQUEST		request_15	1683100782391	1683100782494	OK	 
REQUEST		request_17	1683100782460	1683100782557	OK	 
REQUEST		request_18	1683100782463	1683100782596	OK	 
REQUEST		GetAccountRequest	1683100782465	1683100782847	KO	status.find.in([200, 209], 304), found 401
REQUEST		angular.min.js;jsessionid=0ECEF353952A2BF80289CF4F9ADFC652	1683100781051	1683100783446	OK	 
REQUEST		request_20	1683100789466	1683100789568	OK	 
REQUEST		request_21	1683100827578	1683100828014	KO	status.find.in([200, 209], 304), found 500
REQUEST		CreateAccountRequest	1683100841023	1683100841388	KO	status.find.in([200, 209], 304), found 401
USER	ParabankParaSoftAccount	END	1683100841394
